<?xml version="1.0" encoding="UTF-8"?>
<!-- Generated by org.testng.reporters.JUnitReportReporter -->
<testsuite hostname="BARATH" failures="0" tests="5" name="com.wipro.runner.TotalrunnerTestCase" time="42.603" errors="0" timestamp="2025-03-21T21:46:57 IST" skipped="0">
  <testcase classname="com.wipro.runner.TotalrunnerTestCase" name="runScenario" time="13.933"/>
  <testcase classname="com.wipro.runner.TotalrunnerTestCase" name="runScenario" time="4.688"/>
  <testcase classname="com.wipro.runner.TotalrunnerTestCase" name="runScenario" time="5.913"/>
  <testcase classname="com.wipro.runner.TotalrunnerTestCase" name="runScenario" time="6.135"/>
  <testcase classname="com.wipro.runner.TotalrunnerTestCase" name="runScenario" time="11.934"/>
</testsuite> <!-- com.wipro.runner.TotalrunnerTestCase -->
