<?xml version="1.0" encoding="UTF-8"?>
<!-- Generated by org.testng.reporters.JUnitReportReporter -->
<testsuite hostname="DESKTOP-3L1ALEO" failures="0" tests="1" name="Runner.RunnerRedIff" time="95.212" errors="0" timestamp="2025-03-11T12:37:05 IST" skipped="0">
  <testcase classname="Runner.RunnerRedIff" name="runScenario" time="95.212"/>
</testsuite> <!-- Runner.RunnerRedIff -->
