<?xml version="1.0" encoding="UTF-8"?>
<!-- Generated by org.testng.reporters.JUnitReportReporter -->
<testsuite hostname="BARATH" failures="0" tests="1" name="com.wipro.runner.OrderPlacementrunner" time="14.074" errors="0" timestamp="2025-03-21T15:32:55 IST" skipped="0">
  <testcase classname="com.wipro.runner.OrderPlacementrunner" name="runScenario" time="14.074"/>
</testsuite> <!-- com.wipro.runner.OrderPlacementrunner -->
