<?xml version="1.0" encoding="UTF-8"?>
<!-- Generated by org.testng.reporters.JUnitReportReporter -->
<testsuite hostname="BARATH" failures="0" tests="1" name="com.wipro.runner.ShoppingCartrunner" time="5.075" errors="0" timestamp="2025-03-21T11:23:45 IST" skipped="0">
  <testcase classname="com.wipro.runner.ShoppingCartrunner" name="runScenario" time="5.075"/>
</testsuite> <!-- com.wipro.runner.ShoppingCartrunner -->
