<?xml version="1.0" encoding="UTF-8"?>
<!-- Generated by org.testng.reporters.JUnitReportReporter -->
<testsuite hostname="DESKTOP-3L1ALEO" failures="0" tests="1" name="stepdefinitionpakage.RunnerFBLogin" time="13.778" errors="0" timestamp="2025-03-05T17:34:19 IST" skipped="0">
  <testcase classname="stepdefinitionpakage.RunnerFBLogin" name="runScenario" time="13.778"/>
</testsuite> <!-- stepdefinitionpakage.RunnerFBLogin -->
