<?xml version="1.0" encoding="UTF-8"?>
<!-- Generated by org.testng.reporters.JUnitReportReporter -->
<testsuite hostname="BARATH" failures="0" tests="1" name="com.wipro.runner.Searchrunner" time="6.990" errors="0" timestamp="2025-03-19T09:21:50 IST" skipped="0">
  <testcase classname="com.wipro.runner.Searchrunner" name="runScenario" time="6.990"/>
</testsuite> <!-- com.wipro.runner.Searchrunner -->
