<?xml version="1.0" encoding="UTF-8"?>
<!-- Generated by org.testng.reporters.JUnitReportReporter -->
<testsuite hostname="BARATH" failures="0" tests="1" name="com.wipro.runner.ProductDetailsrunner" time="4.356" errors="0" timestamp="2025-03-20T11:00:07 IST" skipped="0">
  <testcase classname="com.wipro.runner.ProductDetailsrunner" name="runScenario" time="4.356"/>
</testsuite> <!-- com.wipro.runner.ProductDetailsrunner -->
