<?xml version="1.0" encoding="UTF-8"?>
<!-- Generated by org.testng.reporters.JUnitReportReporter -->
<testsuite hostname="DESKTOP-3L1ALEO" failures="0" tests="1" name="Runner.RunnerRed" time="66.793" errors="0" timestamp="2025-03-07T17:08:09 IST" skipped="0">
  <testcase classname="Runner.RunnerRed" name="runScenario" time="66.793"/>
</testsuite> <!-- Runner.RunnerRed -->
