<?xml version="1.0" encoding="UTF-8"?>
<!-- Generated by org.testng.reporters.JUnitReportReporter -->
<testsuite hostname="DESKTOP-3L1ALEO" failures="0" tests="2" name="day14.wipro.ListenerRun" time="26.505" errors="0" timestamp="2025-03-04T16:36:11 IST" skipped="0">
  <testcase classname="day14.wipro.ListenerRun" name="Forgotpass" time="12.529"/>
  <testcase classname="day14.wipro.ListenerRun" name="login" time="13.976"/>
</testsuite> <!-- day14.wipro.ListenerRun -->
