<?xml version="1.0" encoding="UTF-8"?>
<!-- Generated by org.testng.reporters.JUnitReportReporter -->
<testsuite hostname="DESKTOP-3L1ALEO" failures="0" tests="1" name="Runner.RunnerRedTestCase" time="150.769" errors="0" timestamp="2025-03-11T12:52:21 IST" skipped="0">
  <testcase classname="Runner.RunnerRedTestCase" name="runScenario" time="150.769"/>
</testsuite> <!-- Runner.RunnerRedTestCase -->
